# JRE version: OpenJDK Runtime Environment JBR-17.0.9+7-1087.11-jcef (17.0.9+7) (build 17.0.9+7-b1087.11)
# Java VM: OpenJDK 64-Bit Server VM JBR-17.0.9+7-1087.11-jcef (17.0.9+7-b1087.11, mixed mode, tiered, compressed oops, compressed class ptrs, g1 gc, windows-amd64)
GC Precious Log:
 CPUs: 2 total, 2 available
 Memory: 3696M
 Large Page Support: Disabled
 NUMA Support: Disabled
 Compressed Oops: Enabled (32-bit)
 Heap Region Size: 1M
 Heap Min Capacity: 128M
 Heap Initial Capacity: 128M
 Heap Max Capacity: 2G
 Pre-touch: Disabled
 Parallel Workers: 2
 Concurrent Workers: 1
 Concurrent Refinement Workers: 2
 Periodic GC: Disabled
Heap:
 garbage-first heap   total 131072K, used 17856K [0x0000000080000000, 0x0000000100000000)
  region size 1024K, 13 young (13312K), 3 survivors (3072K)
 Metaspace       used 23762K, committed 24064K, reserved 1114112K
  class space    used 2528K, committed 2688K, reserved 1048576K
GC Heap History (8 events):
Event: 21.164 GC heap before
{Heap before GC invocations=0 (full 0):
 garbage-first heap   total 131072K, used 8192K [0x0000000080000000, 0x0000000100000000)
  region size 1024K, 6 young (6144K), 0 survivors (0K)
 Metaspace       used 10727K, committed 10880K, reserved 1114112K
  class space    used 1076K, committed 1152K, reserved 1048576K
}
Event: 21.172 GC heap after
{Heap after GC invocations=1 (full 0):
 garbage-first heap   total 131072K, used 6168K [0x0000000080000000, 0x0000000100000000)
  region size 1024K, 1 young (1024K), 1 survivors (1024K)
 Metaspace       used 10727K, committed 10880K, reserved 1114112K
  class space    used 1076K, committed 1152K, reserved 1048576K
}
Event: 22.643 GC heap before
{Heap before GC invocations=1 (full 0):
 garbage-first heap   total 131072K, used 10264K [0x0000000080000000, 0x0000000100000000)
  region size 1024K, 6 young (6144K), 1 survivors (1024K)
 Metaspace       used 14226K, committed 14528K, reserved 1114112K
  class space    used 1483K, committed 1664K, reserved 1048576K
}
Event: 22.650 GC heap after
{Heap after GC invocations=2 (full 0):
 garbage-first heap   total 131072K, used 6822K [0x0000000080000000, 0x0000000100000000)
  region size 1024K, 1 young (1024K), 1 survivors (1024K)
 Metaspace       used 14226K, committed 14528K, reserved 1114112K
  class space    used 1483K, committed 1664K, reserved 1048576K
}
Event: 23.796 GC heap before
{Heap before GC invocations=2 (full 0):
 garbage-first heap   total 131072K, used 13990K [0x0000000080000000, 0x0000000100000000)
  region size 1024K, 9 young (9216K), 1 survivors (1024K)
 Metaspace       used 18699K, committed 18944K, reserved 1114112K
  class space    used 1968K, committed 2048K, reserved 1048576K
}
Event: 23.811 GC heap after
{Heap after GC invocations=3 (full 0):
 garbage-first heap   total 131072K, used 8333K [0x0000000080000000, 0x0000000100000000)
  region size 1024K, 2 young (2048K), 2 survivors (2048K)
 Metaspace       used 18699K, committed 18944K, reserved 1114112K
  class space    used 1968K, committed 2048K, reserved 1048576K
}
Event: 24.448 GC heap before
{Heap before GC invocations=3 (full 0):
 garbage-first heap   total 131072K, used 9357K [0x0000000080000000, 0x0000000100000000)
  region size 1024K, 4 young (4096K), 2 survivors (2048K)
 Metaspace       used 21207K, committed 21504K, reserved 1114112K
  class space    used 2277K, committed 2432K, reserved 1048576K
}
Event: 24.458 GC heap after
{Heap after GC invocations=4 (full 0):
 garbage-first heap   total 131072K, used 8640K [0x0000000080000000, 0x0000000100000000)
  region size 1024K, 3 young (3072K), 3 survivors (3072K)
 Metaspace       used 21207K, committed 21504K, reserved 1114112K
  class space    used 2277K, committed 2432K, reserved 1048576K
}

