# JRE version: OpenJDK Runtime Environment (21.0.2+13) (build 21.0.2+13-58)
# Java VM: OpenJDK 64-Bit Server VM (21.0.2+13-58, mixed mode, emulated-client, sharing, tiered, compressed oops, compressed class ptrs, g1 gc, windows-amd64)
GC Precious Log:
 CardTable entry size: 512
 Card Set container configuration: InlinePtr #cards 5 size 8 Array Of Cards #cards 12 size 40 Howl #buckets 4 coarsen threshold 1843 Howl Bitmap #cards 512 size 80 coarsen threshold 460 Card regions per heap region 1 cards per card region 2048
 CPUs: 2 total, 2 available
 Memory: 3696M
 Large Page Support: Disabled
 NUMA Support: Disabled
 Compressed Oops: Enabled (32-bit)
 Heap Region Size: 1M
 Heap Min Capacity: 8M
 Heap Initial Capacity: 58M
 Heap Max Capacity: 926M
 Pre-touch: Disabled
 Parallel Workers: 2
 Concurrent Workers: 1
 Concurrent Refinement Workers: 2
 Periodic GC: Disabled
Heap:
 garbage-first heap   total 59392K, used 37511K [0x00000000c6200000, 0x0000000100000000)
  region size 1024K, 33 young (33792K), 2 survivors (2048K)
 Metaspace       used 14328K, committed 14592K, reserved 1114112K
  class space    used 1848K, committed 1984K, reserved 1048576K
GC Heap History (6 events):
Event: 0.937 GC heap before
{Heap before GC invocations=0 (full 0):
 garbage-first heap   total 59392K, used 6144K [0x00000000c6200000, 0x0000000100000000)
  region size 1024K, 6 young (6144K), 0 survivors (0K)
 Metaspace       used 826K, committed 1024K, reserved 1114112K
  class space    used 72K, committed 192K, reserved 1048576K
}
Event: 0.964 GC heap after
{Heap after GC invocations=1 (full 0):
 garbage-first heap   total 59392K, used 4844K [0x00000000c6200000, 0x0000000100000000)
  region size 1024K, 1 young (1024K), 1 survivors (1024K)
 Metaspace       used 826K, committed 1024K, reserved 1114112K
  class space    used 72K, committed 192K, reserved 1048576K
}
Event: 4.749 GC heap before
{Heap before GC invocations=1 (full 0):
 garbage-first heap   total 59392K, used 7916K [0x00000000c6200000, 0x0000000100000000)
  region size 1024K, 4 young (4096K), 1 survivors (1024K)
 Metaspace       used 3201K, committed 3456K, reserved 1114112K
  class space    used 369K, committed 512K, reserved 1048576K
}
Event: 4.754 GC heap after
{Heap after GC invocations=2 (full 0):
 garbage-first heap   total 59392K, used 5551K [0x00000000c6200000, 0x0000000100000000)
  region size 1024K, 1 young (1024K), 1 survivors (1024K)
 Metaspace       used 3201K, committed 3456K, reserved 1114112K
  class space    used 369K, committed 512K, reserved 1048576K
}
Event: 5.776 GC heap before
{Heap before GC invocations=2 (full 0):
 garbage-first heap   total 59392K, used 13743K [0x00000000c6200000, 0x0000000100000000)
  region size 1024K, 9 young (9216K), 1 survivors (1024K)
 Metaspace       used 6577K, committed 6784K, reserved 1114112K
  class space    used 789K, committed 896K, reserved 1048576K
}
Event: 5.782 GC heap after
{Heap after GC invocations=3 (full 0):
 garbage-first heap   total 59392K, used 6791K [0x00000000c6200000, 0x0000000100000000)
  region size 1024K, 2 young (2048K), 2 survivors (2048K)
 Metaspace       used 6577K, committed 6784K, reserved 1114112K
  class space    used 789K, committed 896K, reserved 1048576K
}

